d:\mywork\2017c++\pg_pubkmcb\x64\release\vc140.pdb
d:\mywork\2017c++\pg_pubkmcb\x64\release\simil.obj
d:\mywork\2017c++\pg_pubkmcb\x64\release\se_string.obj
d:\mywork\2017c++\pg_pubkmcb\x64\release\se_std.obj
d:\mywork\2017c++\pg_pubkmcb\x64\release\se_round.obj
d:\mywork\2017c++\pg_pubkmcb\x64\release\se_rand.obj
d:\mywork\2017c++\pg_pubkmcb\x64\release\pg_string.obj
d:\mywork\2017c++\pg_pubkmcb\x64\release\pg_round.obj
d:\mywork\2017c++\pg_pubkmcb\x64\release\pg_rand.obj
d:\mywork\2017c++\pg_pubkmcb\x64\release\pg_function.obj
d:\mywork\2017c++\pg_pubkmcb\x64\release\pg_crypto.obj
d:\mywork\2017c++\pg_pubkmcb\x64\release\se_datetime.obj
d:\mywork\2017c++\pg_pubkmcb\x64\release\pg_datetime.obj
d:\mywork\2017c++\pg_pubkmcb\x64\release\aes.obj
d:\mywork\2017c++\pg_pubkmcb\x64\release\pg_kmcb.dll
d:\mywork\2017c++\pg_pubkmcb\x64\release\pg_kmcb.ipdb
d:\mywork\2017c++\pg_pubkmcb\x64\release\pg_kmcb.iobj
d:\mywork\2017c++\pg_pubkmcb\x64\release\pg_kmcb.pdb
d:\mywork\2017c++\pg_pubkmcb\x64\release\pg_kmcb.lib
d:\mywork\2017c++\pg_pubkmcb\x64\release\pg_kmcb.exp
d:\mywork\2017c++\pg_pubkmcb\x64\release\pg_kmcb.tlog\cl.command.1.tlog
d:\mywork\2017c++\pg_pubkmcb\x64\release\pg_kmcb.tlog\cl.read.1.tlog
d:\mywork\2017c++\pg_pubkmcb\x64\release\pg_kmcb.tlog\cl.write.1.tlog
d:\mywork\2017c++\pg_pubkmcb\x64\release\pg_kmcb.tlog\link.command.1.tlog
d:\mywork\2017c++\pg_pubkmcb\x64\release\pg_kmcb.tlog\link.read.1.tlog
d:\mywork\2017c++\pg_pubkmcb\x64\release\pg_kmcb.tlog\link.write.1.tlog
d:\mywork\2017c++\pg_pubkmcb\x64\release\pg_kmcb.tlog\pg_kmcb.write.1u.tlog
